<?xml version="1.0" encoding="UTF-8"?>
<testsuite name="com.example.yanghyemin.ApplicationTests" tests="1" skipped="0" failures="0" errors="0" timestamp="2023-06-18T13:04:01" hostname="LAPTOP-U62RP1C8" time="0.008">
  <properties/>
  <testcase name="contextLoads()" classname="com.example.yanghyemin.ApplicationTests" time="0.008"/>
  <system-out><![CDATA[2023-06-18 22:04:01.176  INFO 29532 --- [    Test worker] .b.t.c.SpringBootTestContextBootstrapper : Neither @ContextConfiguration nor @ContextHierarchy found for test class [com.example.yanghyemin.ApplicationTests], using SpringBootContextLoader
2023-06-18 22:04:01.178  INFO 29532 --- [    Test worker] o.s.t.c.support.AbstractContextLoader    : Could not detect default resource locations for test class [com.example.yanghyemin.ApplicationTests]: no resource found for suffixes {-context.xml, Context.groovy}.
2023-06-18 22:04:01.178  INFO 29532 --- [    Test worker] t.c.s.AnnotationConfigContextLoaderUtils : Could not detect default configuration classes for test class [com.example.yanghyemin.ApplicationTests]: ApplicationTests does not declare any static, non-private, non-final, nested classes annotated with @Configuration.
2023-06-18 22:04:01.187  INFO 29532 --- [    Test worker] .b.t.c.SpringBootTestContextBootstrapper : Found @SpringBootConfiguration com.example.yanghyemin.Application for test class com.example.yanghyemin.ApplicationTests
2023-06-18 22:04:01.189  INFO 29532 --- [    Test worker] .b.t.c.SpringBootTestContextBootstrapper : Loaded default TestExecutionListener class names from location [META-INF/spring.factories]: [org.springframework.security.test.context.support.WithSecurityContextTestExecutionListener, org.springframework.security.test.context.support.ReactorContextTestExecutionListener, org.springframework.boot.test.autoconfigure.restdocs.RestDocsTestExecutionListener, org.springframework.boot.test.autoconfigure.web.client.MockRestServiceServerResetTestExecutionListener, org.springframework.boot.test.autoconfigure.web.servlet.MockMvcPrintOnlyOnFailureTestExecutionListener, org.springframework.boot.test.autoconfigure.web.servlet.WebDriverTestExecutionListener, org.springframework.boot.test.autoconfigure.webservices.client.MockWebServiceServerTestExecutionListener, org.springframework.boot.test.mock.mockito.MockitoTestExecutionListener, org.springframework.boot.test.mock.mockito.ResetMocksTestExecutionListener, org.springframework.test.context.web.ServletTestExecutionListener, org.springframework.test.context.support.DirtiesContextBeforeModesTestExecutionListener, org.springframework.test.context.event.ApplicationEventsTestExecutionListener, org.springframework.test.context.support.DependencyInjectionTestExecutionListener, org.springframework.test.context.support.DirtiesContextTestExecutionListener, org.springframework.test.context.transaction.TransactionalTestExecutionListener, org.springframework.test.context.jdbc.SqlScriptsTestExecutionListener, org.springframework.test.context.event.EventPublishingTestExecutionListener]
2023-06-18 22:04:01.192  INFO 29532 --- [    Test worker] .b.t.c.SpringBootTestContextBootstrapper : Using TestExecutionListeners: [org.springframework.test.context.web.ServletTestExecutionListener@b257072, org.springframework.test.context.support.DirtiesContextBeforeModesTestExecutionListener@738da6f2, org.springframework.test.context.event.ApplicationEventsTestExecutionListener@1b513ce8, org.springframework.boot.test.mock.mockito.MockitoTestExecutionListener@17596317, org.springframework.boot.test.autoconfigure.SpringBootDependencyInjectionTestExecutionListener@375f276e, org.springframework.test.context.support.DirtiesContextTestExecutionListener@297bbd41, org.springframework.test.context.transaction.TransactionalTestExecutionListener@3b5f72fa, org.springframework.test.context.jdbc.SqlScriptsTestExecutionListener@67c2ff5d, org.springframework.security.test.context.support.WithSecurityContextTestExecutionListener@29e8c09c, org.springframework.test.context.event.EventPublishingTestExecutionListener@5d8de155, org.springframework.security.test.context.support.ReactorContextTestExecutionListener@1d0590bc, org.springframework.boot.test.autoconfigure.restdocs.RestDocsTestExecutionListener@6d4dac56, org.springframework.boot.test.autoconfigure.web.client.MockRestServiceServerResetTestExecutionListener@2ce7d43, org.springframework.boot.test.autoconfigure.web.servlet.MockMvcPrintOnlyOnFailureTestExecutionListener@30fba306, org.springframework.boot.test.autoconfigure.web.servlet.WebDriverTestExecutionListener@1ca55d5, org.springframework.boot.test.autoconfigure.webservices.client.MockWebServiceServerTestExecutionListener@16576a6, org.springframework.boot.test.mock.mockito.ResetMocksTestExecutionListener@70b037ac]
]]></system-out>
  <system-err><![CDATA[]]></system-err>
</testsuite>
